<?xml version="1.0" encoding="UTF-8"?>
<!-- Generated by org.testng.reporters.JUnitReportReporter -->
<testsuite name="test.SampleMaven" tests="1" time="30.463" ignored="0" failures="0" timestamp="27 Oct 2017 15:39:54 GMT" skipped="0" hostname="Home" errors="0">
  <testcase name="test" time="30.463" classname="test.SampleMaven"/>
</testsuite> <!-- test.SampleMaven -->
