<?xml version="1.0" encoding="UTF-8"?>
<!-- Generated by org.testng.reporters.JUnitReportReporter -->
<testsuite name="test.SampleMaven" tests="1" time="47.529" ignored="0" failures="0" timestamp="25 Oct 2017 17:59:25 GMT" skipped="0" hostname="Home" errors="0">
  <testcase name="test" time="47.529" classname="test.SampleMaven"/>
</testsuite> <!-- test.SampleMaven -->
